<?xml version="1.0" encoding="utf-8"?><testsuites name="pytest tests"><testsuite name="pytest" errors="0" failures="0" skipped="0" tests="7" time="1.439" timestamp="2026-06-29T12:08:21.781002+00:00" hostname="agent-env-c8405ba4-2cea-4756-9e8e-972a643c220f"><testcase classname="tests.test_leads_api.TestRoot" name="test_root_message" time="0.233" /><testcase classname="tests.test_leads_api.TestCreateLead" name="test_create_lead_success" time="0.174" /><testcase classname="tests.test_leads_api.TestCreateLead" name="test_create_lead_minimal_required_fields" time="0.048" /><testcase classname="tests.test_leads_api.TestCreateLead" name="test_create_lead_invalid_email_returns_422" time="0.091" /><testcase classname="tests.test_leads_api.TestListLeads" name="test_list_includes_created_lead_sorted_desc" time="0.528" /><testcase classname="tests.test_leads_api.TestCreateLead" name="test_create_lead_missing_required_returns_422" time="0.049" /><testcase classname="tests.test_leads_api.TestCreateLead" name="test_create_lead_empty_required_returns_422" time="0.043" /></testsuite></testsuites>